{"C:\\Users\\hello\\source\\repos\\csv-app\\server\\dist\\src\\services\\csvProcessor.js": {"path":"C:\\Users\\hello\\source\\repos\\csv-app\\server\\dist\\src\\services\\csvProcessor.js","statementMap":{"0":{"start":{"line":2,"column":16},"end":{"line":10,"column":1}},"1":{"start":{"line":3,"column":28},"end":{"line":3,"column":110}},"2":{"start":{"line":3,"column":91},"end":{"line":3,"column":106}},"3":{"start":{"line":4,"column":4},"end":{"line":9,"column":7}},"4":{"start":{"line":5,"column":36},"end":{"line":5,"column":97}},"5":{"start":{"line":5,"column":42},"end":{"line":5,"column":70}},"6":{"start":{"line":5,"column":85},"end":{"line":5,"column":95}},"7":{"start":{"line":6,"column":35},"end":{"line":6,"column":100}},"8":{"start":{"line":6,"column":41},"end":{"line":6,"column":73}},"9":{"start":{"line":6,"column":88},"end":{"line":6,"column":98}},"10":{"start":{"line":7,"column":32},"end":{"line":7,"column":116}},"11":{"start":{"line":8,"column":8},"end":{"line":8,"column":78}},"12":{"start":{"line":11,"column":22},"end":{"line":13,"column":1}},"13":{"start":{"line":12,"column":4},"end":{"line":12,"column":62}},"14":{"start":{"line":14,"column":0},"end":{"line":14,"column":62}},"15":{"start":{"line":15,"column":0},"end":{"line":15,"column":30}},"16":{"start":{"line":16,"column":13},"end":{"line":16,"column":43}},"17":{"start":{"line":17,"column":21},"end":{"line":17,"column":59}},"18":{"start":{"line":18,"column":15},"end":{"line":18,"column":47}},"19":{"start":{"line":19,"column":24},"end":{"line":19,"column":48}},"20":{"start":{"line":20,"column":15},"end":{"line":20,"column":30}},"21":{"start":{"line":23,"column":8},"end":{"line":23,"column":68}},"22":{"start":{"line":24,"column":8},"end":{"line":26,"column":9}},"23":{"start":{"line":25,"column":12},"end":{"line":25,"column":70}},"24":{"start":{"line":29,"column":8},"end":{"line":62,"column":11}},"25":{"start":{"line":30,"column":12},"end":{"line":61,"column":15}},"26":{"start":{"line":31,"column":36},"end":{"line":31,"column":45}},"27":{"start":{"line":32,"column":39},"end":{"line":32,"column":72}},"28":{"start":{"line":33,"column":35},"end":{"line":33,"column":84}},"29":{"start":{"line":34,"column":16},"end":{"line":60,"column":41}},"30":{"start":{"line":40,"column":33},"end":{"line":40,"column":48}},"31":{"start":{"line":41,"column":34},"end":{"line":41,"column":57}},"32":{"start":{"line":42,"column":20},"end":{"line":42,"column":80}},"33":{"start":{"line":45,"column":36},"end":{"line":46,"column":88}},"34":{"start":{"line":46,"column":60},"end":{"line":46,"column":86}},"35":{"start":{"line":47,"column":20},"end":{"line":58,"column":23}},"36":{"start":{"line":51,"column":24},"end":{"line":52,"column":47}},"37":{"start":{"line":52,"column":28},"end":{"line":52,"column":47}},"38":{"start":{"line":53,"column":24},"end":{"line":57,"column":27}},"39":{"start":{"line":54,"column":28},"end":{"line":55,"column":51}},"40":{"start":{"line":55,"column":32},"end":{"line":55,"column":51}},"41":{"start":{"line":56,"column":28},"end":{"line":56,"column":52}},"42":{"start":{"line":65,"column":8},"end":{"line":65,"column":59}},"43":{"start":{"line":68,"column":0},"end":{"line":68,"column":36}}},"fnMap":{"0":{"name":"(anonymous_0)","decl":{"start":{"line":2,"column":44},"end":{"line":2,"column":45}},"loc":{"start":{"line":2,"column":89},"end":{"line":10,"column":1}},"line":2},"1":{"name":"adopt","decl":{"start":{"line":3,"column":13},"end":{"line":3,"column":18}},"loc":{"start":{"line":3,"column":26},"end":{"line":3,"column":112}},"line":3},"2":{"name":"(anonymous_2)","decl":{"start":{"line":3,"column":70},"end":{"line":3,"column":71}},"loc":{"start":{"line":3,"column":89},"end":{"line":3,"column":108}},"line":3},"3":{"name":"(anonymous_3)","decl":{"start":{"line":4,"column":36},"end":{"line":4,"column":37}},"loc":{"start":{"line":4,"column":63},"end":{"line":9,"column":5}},"line":4},"4":{"name":"fulfilled","decl":{"start":{"line":5,"column":17},"end":{"line":5,"column":26}},"loc":{"start":{"line":5,"column":34},"end":{"line":5,"column":99}},"line":5},"5":{"name":"rejected","decl":{"start":{"line":6,"column":17},"end":{"line":6,"column":25}},"loc":{"start":{"line":6,"column":33},"end":{"line":6,"column":102}},"line":6},"6":{"name":"step","decl":{"start":{"line":7,"column":17},"end":{"line":7,"column":21}},"loc":{"start":{"line":7,"column":30},"end":{"line":7,"column":118}},"line":7},"7":{"name":"(anonymous_7)","decl":{"start":{"line":11,"column":56},"end":{"line":11,"column":57}},"loc":{"start":{"line":11,"column":71},"end":{"line":13,"column":1}},"line":11},"8":{"name":"(anonymous_8)","decl":{"start":{"line":22,"column":4},"end":{"line":22,"column":5}},"loc":{"start":{"line":22,"column":18},"end":{"line":27,"column":5}},"line":22},"9":{"name":"(anonymous_9)","decl":{"start":{"line":28,"column":4},"end":{"line":28,"column":5}},"loc":{"start":{"line":28,"column":27},"end":{"line":63,"column":5}},"line":28},"10":{"name":"(anonymous_10)","decl":{"start":{"line":29,"column":47},"end":{"line":29,"column":48}},"loc":{"start":{"line":29,"column":60},"end":{"line":62,"column":9}},"line":29},"11":{"name":"(anonymous_11)","decl":{"start":{"line":30,"column":31},"end":{"line":30,"column":32}},"loc":{"start":{"line":30,"column":52},"end":{"line":61,"column":13}},"line":30},"12":{"name":"(anonymous_12)","decl":{"start":{"line":39,"column":32},"end":{"line":39,"column":33}},"loc":{"start":{"line":39,"column":42},"end":{"line":43,"column":17}},"line":39},"13":{"name":"(anonymous_13)","decl":{"start":{"line":44,"column":31},"end":{"line":44,"column":32}},"loc":{"start":{"line":44,"column":37},"end":{"line":59,"column":17}},"line":44},"14":{"name":"(anonymous_14)","decl":{"start":{"line":46,"column":29},"end":{"line":46,"column":30}},"loc":{"start":{"line":46,"column":60},"end":{"line":46,"column":86}},"line":46},"15":{"name":"(anonymous_15)","decl":{"start":{"line":50,"column":23},"end":{"line":50,"column":24}},"loc":{"start":{"line":50,"column":40},"end":{"line":58,"column":21}},"line":50},"16":{"name":"(anonymous_16)","decl":{"start":{"line":53,"column":67},"end":{"line":53,"column":68}},"loc":{"start":{"line":53,"column":76},"end":{"line":57,"column":25}},"line":53},"17":{"name":"(anonymous_17)","decl":{"start":{"line":64,"column":4},"end":{"line":64,"column":5}},"loc":{"start":{"line":64,"column":35},"end":{"line":66,"column":5}},"line":64}},"branchMap":{"0":{"loc":{"start":{"line":2,"column":16},"end":{"line":10,"column":1}},"type":"binary-expr","locations":[{"start":{"line":2,"column":17},"end":{"line":2,"column":21}},{"start":{"line":2,"column":25},"end":{"line":2,"column":39}},{"start":{"line":2,"column":44},"end":{"line":10,"column":1}}],"line":2},"1":{"loc":{"start":{"line":3,"column":35},"end":{"line":3,"column":109}},"type":"cond-expr","locations":[{"start":{"line":3,"column":56},"end":{"line":3,"column":61}},{"start":{"line":3,"column":64},"end":{"line":3,"column":109}}],"line":3},"2":{"loc":{"start":{"line":4,"column":16},"end":{"line":4,"column":34}},"type":"binary-expr","locations":[{"start":{"line":4,"column":16},"end":{"line":4,"column":17}},{"start":{"line":4,"column":22},"end":{"line":4,"column":33}}],"line":4},"3":{"loc":{"start":{"line":7,"column":32},"end":{"line":7,"column":115}},"type":"cond-expr","locations":[{"start":{"line":7,"column":46},"end":{"line":7,"column":67}},{"start":{"line":7,"column":70},"end":{"line":7,"column":115}}],"line":7},"4":{"loc":{"start":{"line":8,"column":51},"end":{"line":8,"column":67}},"type":"binary-expr","locations":[{"start":{"line":8,"column":51},"end":{"line":8,"column":61}},{"start":{"line":8,"column":65},"end":{"line":8,"column":67}}],"line":8},"5":{"loc":{"start":{"line":11,"column":22},"end":{"line":13,"column":1}},"type":"binary-expr","locations":[{"start":{"line":11,"column":23},"end":{"line":11,"column":27}},{"start":{"line":11,"column":31},"end":{"line":11,"column":51}},{"start":{"line":11,"column":56},"end":{"line":13,"column":1}}],"line":11},"6":{"loc":{"start":{"line":12,"column":11},"end":{"line":12,"column":61}},"type":"cond-expr","locations":[{"start":{"line":12,"column":37},"end":{"line":12,"column":40}},{"start":{"line":12,"column":43},"end":{"line":12,"column":61}}],"line":12},"7":{"loc":{"start":{"line":12,"column":12},"end":{"line":12,"column":33}},"type":"binary-expr","locations":[{"start":{"line":12,"column":12},"end":{"line":12,"column":15}},{"start":{"line":12,"column":19},"end":{"line":12,"column":33}}],"line":12},"8":{"loc":{"start":{"line":24,"column":8},"end":{"line":26,"column":9}},"type":"if","locations":[{"start":{"line":24,"column":8},"end":{"line":26,"column":9}},{"start":{},"end":{}}],"line":24},"9":{"loc":{"start":{"line":41,"column":34},"end":{"line":41,"column":57}},"type":"binary-expr","locations":[{"start":{"line":41,"column":34},"end":{"line":41,"column":52}},{"start":{"line":41,"column":56},"end":{"line":41,"column":57}}],"line":41},"10":{"loc":{"start":{"line":42,"column":43},"end":{"line":42,"column":69}},"type":"binary-expr","locations":[{"start":{"line":42,"column":43},"end":{"line":42,"column":64}},{"start":{"line":42,"column":68},"end":{"line":42,"column":69}}],"line":42},"11":{"loc":{"start":{"line":51,"column":24},"end":{"line":52,"column":47}},"type":"if","locations":[{"start":{"line":51,"column":24},"end":{"line":52,"column":47}},{"start":{},"end":{}}],"line":51},"12":{"loc":{"start":{"line":54,"column":28},"end":{"line":55,"column":51}},"type":"if","locations":[{"start":{"line":54,"column":28},"end":{"line":55,"column":51}},{"start":{},"end":{}}],"line":54}},"s":{"0":1,"1":0,"2":0,"3":4,"4":0,"5":0,"6":0,"7":0,"8":0,"9":0,"10":4,"11":4,"12":1,"13":3,"14":1,"15":1,"16":1,"17":1,"18":1,"19":1,"20":1,"21":1,"22":1,"23":1,"24":4,"25":4,"26":4,"27":4,"28":4,"29":4,"30":6,"31":6,"32":6,"33":3,"34":5,"35":3,"36":3,"37":0,"38":3,"39":3,"40":0,"41":3,"42":3,"43":1},"f":{"0":4,"1":0,"2":0,"3":4,"4":0,"5":0,"6":4,"7":3,"8":1,"9":4,"10":4,"11":4,"12":6,"13":3,"14":5,"15":3,"16":3,"17":3},"b":{"0":[1,1,1],"1":[0,0],"2":[4,4],"3":[4,0],"4":[4,4],"5":[1,1,1],"6":[0,3],"7":[3,3],"8":[1,0],"9":[6,3],"10":[6,5],"11":[0,3],"12":[0,3]},"_coverageSchema":"1a1c01bbd47fc00a2c39e90264f33305004495a9","hash":"b9beb2febfb5dd2026d4ea63cb9a34794f2e4137"}
}
