TN:
SF:dist\src\services\csvProcessor.js
FN:2,(anonymous_0)
FN:3,adopt
FN:3,(anonymous_2)
FN:4,(anonymous_3)
FN:5,fulfilled
FN:6,rejected
FN:7,step
FN:11,(anonymous_7)
FN:22,(anonymous_8)
FN:28,(anonymous_9)
FN:29,(anonymous_10)
FN:30,(anonymous_11)
FN:39,(anonymous_12)
FN:44,(anonymous_13)
FN:46,(anonymous_14)
FN:50,(anonymous_15)
FN:53,(anonymous_16)
FN:64,(anonymous_17)
FNF:18
FNH:14
FNDA:4,(anonymous_0)
FNDA:0,adopt
FNDA:0,(anonymous_2)
FNDA:4,(anonymous_3)
FNDA:0,fulfilled
FNDA:0,rejected
FNDA:4,step
FNDA:3,(anonymous_7)
FNDA:1,(anonymous_8)
FNDA:4,(anonymous_9)
FNDA:4,(anonymous_10)
FNDA:4,(anonymous_11)
FNDA:6,(anonymous_12)
FNDA:3,(anonymous_13)
FNDA:5,(anonymous_14)
FNDA:3,(anonymous_15)
FNDA:3,(anonymous_16)
FNDA:3,(anonymous_17)
DA:2,1
DA:3,0
DA:4,4
DA:5,0
DA:6,0
DA:7,4
DA:8,4
DA:11,1
DA:12,3
DA:14,1
DA:15,1
DA:16,1
DA:17,1
DA:18,1
DA:19,1
DA:20,1
DA:23,1
DA:24,1
DA:25,1
DA:29,4
DA:30,4
DA:31,4
DA:32,4
DA:33,4
DA:34,4
DA:40,6
DA:41,6
DA:42,6
DA:45,3
DA:46,5
DA:47,3
DA:51,3
DA:52,0
DA:53,3
DA:54,3
DA:55,0
DA:56,3
DA:65,3
DA:68,1
LF:39
LH:34
BRDA:2,0,0,1
BRDA:2,0,1,1
BRDA:2,0,2,1
BRDA:3,1,0,0
BRDA:3,1,1,0
BRDA:4,2,0,4
BRDA:4,2,1,4
BRDA:7,3,0,4
BRDA:7,3,1,0
BRDA:8,4,0,4
BRDA:8,4,1,4
BRDA:11,5,0,1
BRDA:11,5,1,1
BRDA:11,5,2,1
BRDA:12,6,0,0
BRDA:12,6,1,3
BRDA:12,7,0,3
BRDA:12,7,1,3
BRDA:24,8,0,1
BRDA:24,8,1,0
BRDA:41,9,0,6
BRDA:41,9,1,3
BRDA:42,10,0,6
BRDA:42,10,1,5
BRDA:51,11,0,0
BRDA:51,11,1,3
BRDA:54,12,0,0
BRDA:54,12,1,3
BRF:28
BRH:21
end_of_record
